\BOOKMARK [1][-]{section.1}{Reali mašina}{}% 1
\BOOKMARK [2][-]{subsection.1.1}{Techninės įrangos elementai sudarantys realią mašiną}{section.1}% 2
\BOOKMARK [2][-]{subsection.1.2}{Centrinis\040procesorius}{section.1}% 3
\BOOKMARK [2][-]{subsection.1.3}{Procesoriaus\040registrai}{section.1}% 4
\BOOKMARK [2][-]{subsection.1.4}{Atmintys}{section.1}% 5
\BOOKMARK [2][-]{subsection.1.5}{I/O}{section.1}% 6
\BOOKMARK [2][-]{subsection.1.6}{Puslapiavimo\040mechanizmas}{section.1}% 7
\BOOKMARK [2][-]{subsection.1.7}{Garso kolonėlė}{section.1}% 8
\BOOKMARK [2][-]{subsection.1.8}{Pertraukimų mechanizmas}{section.1}% 9
\BOOKMARK [2][-]{subsection.1.9}{Timerio\040mechanizmas}{section.1}% 10
\BOOKMARK [2][-]{subsection.1.10}{Duomenų perdavimo kanalai}{section.1}% 11
\BOOKMARK [1][-]{section.2}{Virtuali mašina}{}% 12
\BOOKMARK [2][-]{subsection.2.1}{Funkcija}{section.2}% 13
\BOOKMARK [2][-]{subsection.2.2}{Modeliuojamos virtualios mašinos loginių komponentų aprašymas}{section.2}% 14
\BOOKMARK [3][-]{subsubsection.2.2.1}{Atmintis}{subsection.2.2}% 15
\BOOKMARK [3][-]{subsubsection.2.2.2}{Procesorius}{subsection.2.2}% 16
\BOOKMARK [3][-]{subsubsection.2.2.3}{Virtualios mašinos komandų sistema}{subsection.2.2}% 17
\BOOKMARK [2][-]{subsection.2.3}{Virtualios mašinos bendravimo su įvedimo/išvedimo įrenginiais mechanizmo aprašymas.}{section.2}% 18
\BOOKMARK [2][-]{subsection.2.4}{Virtualios mašinos interpretuojamojo ar kompiliuojamo vykdomojo failo išeities teksto formatas.}{section.2}% 19
\BOOKMARK [2][-]{subsection.2.5}{Modeliuojamos virtualios mašinos loginių komponentų sąryšio su realios mašinos techninės įrangos komponentais aprašymas.}{section.2}% 20
\BOOKMARK [1][-]{section.3}{Virtuali mašina operacinės sistemos kontekste}{}% 21
\BOOKMARK [1][-]{section.4}{Multiprograminės operacinės sistemos modelis}{}% 22
\BOOKMARK [2][-]{subsection.4.1}{Procesai}{section.4}% 23
\BOOKMARK [2][-]{subsection.4.2}{Procesų būsenos}{section.4}% 24
\BOOKMARK [1][-]{section.5}{Resursai}{}% 25
\BOOKMARK [2][-]{subsection.5.1}{Resurso\040primityvai}{section.5}% 26
\BOOKMARK [1][-]{section.6}{Planuotojas}{}% 27
\BOOKMARK [1][-]{section.7}{Procesų hierarchija}{}% 28
\BOOKMARK [2][-]{subsection.7.1}{StratStop}{section.7}% 29
\BOOKMARK [2][-]{subsection.7.2}{Read}{section.7}% 30
\BOOKMARK [2][-]{subsection.7.3}{JCL}{section.7}% 31
